<?xml version="1.0" encoding="UTF-8"?>
<!-- Generated by org.testng.reporters.JUnitReportReporter -->
<testsuite skipped="0" hostname="STUDENT18" name="Main" tests="1" failures="0" timestamp="10 Nov 2016 15:24:17 GMT" time="6.051" errors="0">
  <testcase name="simpleTest" time="6.051" classname="Main"/>
</testsuite> <!-- Main -->
